2019-11-05 16:15:12,134 p=10693 u=ansible |  ERROR! 'ansible_check_mode' is not a valid attribute for a Play

The error appears to be in '/home/ansible/codeme/runme/ch10/Exercise/test.yml': line 2, column 3, but may
be elsewhere in the file depending on the exact syntax problem.

The offending line appears to be:

---
- hosts: db
  ^ here

2019-11-05 16:15:40,228 p=10707 u=ansible |  ERROR! 'ansible_check_mode' is not a valid attribute for a Play

The error appears to be in '/home/ansible/codeme/runme/ch10/Exercise/test.yml': line 2, column 3, but may
be elsewhere in the file depending on the exact syntax problem.

The offending line appears to be:

---
- hosts: db
  ^ here

2019-11-05 16:16:34,783 p=10722 u=ansible |  PLAY [db] ************************************************************************************************************************************************************************************************************************************************************
2019-11-05 16:16:34,833 p=10722 u=ansible |  TASK [Gathering Facts] ***********************************************************************************************************************************************************************************************************************************************
2019-11-05 16:16:38,933 p=10722 u=ansible |  ok: [m-node2]
2019-11-05 16:16:39,086 p=10722 u=ansible |  TASK [free mem] ******************************************************************************************************************************************************************************************************************************************************
2019-11-05 16:16:39,324 p=10722 u=ansible |  skipping: [m-node2]
2019-11-05 16:16:39,356 p=10722 u=ansible |  PLAY RECAP ***********************************************************************************************************************************************************************************************************************************************************
2019-11-05 16:16:39,357 p=10722 u=ansible |  m-node2                    : ok=1    changed=0    unreachable=0    failed=0    skipped=1    rescued=0    ignored=0   
2019-11-05 16:16:50,602 p=10746 u=ansible |  PLAY [db] ************************************************************************************************************************************************************************************************************************************************************
2019-11-05 16:16:50,661 p=10746 u=ansible |  TASK [Gathering Facts] ***********************************************************************************************************************************************************************************************************************************************
2019-11-05 16:16:54,273 p=10746 u=ansible |  ok: [m-node2]
2019-11-05 16:16:54,413 p=10746 u=ansible |  TASK [free mem] ******************************************************************************************************************************************************************************************************************************************************
2019-11-05 16:16:54,650 p=10746 u=ansible |  ok: [m-node2] => {
    "ansible_memfree_mb": 698
}
2019-11-05 16:16:54,666 p=10746 u=ansible |  PLAY RECAP ***********************************************************************************************************************************************************************************************************************************************************
2019-11-05 16:16:54,667 p=10746 u=ansible |  m-node2                    : ok=2    changed=0    unreachable=0    failed=0    skipped=0    rescued=0    ignored=0   
2019-11-05 16:17:57,516 p=10784 u=ansible |  PLAY [db] ************************************************************************************************************************************************************************************************************************************************************
2019-11-05 16:17:57,579 p=10784 u=ansible |  TASK [Gathering Facts] ***********************************************************************************************************************************************************************************************************************************************
2019-11-05 16:18:02,255 p=10784 u=ansible |  ok: [m-node2]
2019-11-05 16:18:02,428 p=10784 u=ansible |  TASK [skipped in check mode] *****************************************************************************************************************************************************************************************************************************************
2019-11-05 16:18:02,739 p=10784 u=ansible |  skipping: [m-node2]
2019-11-05 16:18:02,949 p=10784 u=ansible |  TASK [ignore errors in check mode] ***********************************************************************************************************************************************************************************************************************************
2019-11-05 16:18:03,255 p=10784 u=ansible |  ok: [m-node2] => {
    "output": "VARIABLE IS NOT DEFINED!"
}
2019-11-05 16:18:03,276 p=10784 u=ansible |  PLAY RECAP ***********************************************************************************************************************************************************************************************************************************************************
2019-11-05 16:18:03,278 p=10784 u=ansible |  m-node2                    : ok=2    changed=0    unreachable=0    failed=0    skipped=1    rescued=0    ignored=0   
2019-11-05 16:18:24,148 p=10810 u=ansible |  PLAY [db] ************************************************************************************************************************************************************************************************************************************************************
2019-11-05 16:18:24,246 p=10810 u=ansible |  TASK [Gathering Facts] ***********************************************************************************************************************************************************************************************************************************************
2019-11-05 16:18:28,529 p=10810 u=ansible |  ok: [m-node2]
2019-11-05 16:18:28,668 p=10810 u=ansible |  TASK [skipped in check mode] *****************************************************************************************************************************************************************************************************************************************
2019-11-05 16:18:28,929 p=10810 u=ansible |  ok: [m-node2] => {
    "ansible_memfree_mb": 698
}
2019-11-05 16:18:29,066 p=10810 u=ansible |  TASK [ignore errors in check mode] ***********************************************************************************************************************************************************************************************************************************
2019-11-05 16:18:29,335 p=10810 u=ansible |  ok: [m-node2] => {
    "output": "VARIABLE IS NOT DEFINED!"
}
2019-11-05 16:18:29,375 p=10810 u=ansible |  PLAY RECAP ***********************************************************************************************************************************************************************************************************************************************************
2019-11-05 16:18:29,379 p=10810 u=ansible |  m-node2                    : ok=3    changed=0    unreachable=0    failed=0    skipped=0    rescued=0    ignored=0   
